<?xml version="1.0" encoding="UTF-8"?>
<testsuite xmlns:xsi="http://www.w3.org/2001/XMLSchema-instance" xsi:noNamespaceSchemaLocation="https://maven.apache.org/surefire/maven-surefire-plugin/xsd/surefire-test-report.xsd" name="com.AquariuxTechTest.Aquariux.AquariuxApplicationTests" time="0.127" tests="1" errors="1" skipped="0" failures="0">
  <properties>
[...]
</properties>
  <testcase name="com.AquariuxTechTest.Aquariux.AquariuxApplicationTests" classname="com.AquariuxTechTest.Aquariux.AquariuxApplicationTests" time="0.126">
    <error message="org/springframework/boot/SpringBootConfiguration" type="java.lang.NoClassDefFoundError">java.lang.NoClassDefFoundError: org/springframework/boot/SpringBootConfiguration
Caused by: java.lang.ClassNotFoundException: org.springframework.boot.SpringBootConfiguration
</error>
    <system-out><![CDATA[16:07:40.461 [main] DEBUG org.springframework.test.context.BootstrapUtils - Instantiating CacheAwareContextLoaderDelegate from class [org.springframework.test.context.cache.DefaultCacheAwareContextLoaderDelegate]
16:07:40.469 [main] DEBUG org.springframework.test.context.BootstrapUtils - Instantiating BootstrapContext using constructor [public org.springframework.test.context.support.DefaultBootstrapContext(java.lang.Class,org.springframework.test.context.CacheAwareContextLoaderDelegate)]
16:07:40.498 [main] DEBUG org.springframework.test.context.BootstrapUtils - Instantiating TestContextBootstrapper for test class [com.AquariuxTechTest.Aquariux.AquariuxApplicationTests] from class [org.springframework.boot.test.context.SpringBootTestContextBootstrapper]
16:07:40.507 [main] INFO org.springframework.boot.test.context.SpringBootTestContextBootstrapper - Neither @ContextConfiguration nor @ContextHierarchy found for test class [com.AquariuxTechTest.Aquariux.AquariuxApplicationTests], using SpringBootContextLoader
16:07:40.510 [main] DEBUG org.springframework.test.context.support.AbstractContextLoader - Did not detect default resource location for test class [com.AquariuxTechTest.Aquariux.AquariuxApplicationTests]: class path resource [com/AquariuxTechTest/Aquariux/AquariuxApplicationTests-context.xml] does not exist
16:07:40.510 [main] DEBUG org.springframework.test.context.support.AbstractContextLoader - Did not detect default resource location for test class [com.AquariuxTechTest.Aquariux.AquariuxApplicationTests]: class path resource [com/AquariuxTechTest/Aquariux/AquariuxApplicationTestsContext.groovy] does not exist
16:07:40.510 [main] INFO org.springframework.test.context.support.AbstractContextLoader - Could not detect default resource locations for test class [com.AquariuxTechTest.Aquariux.AquariuxApplicationTests]: no resource found for suffixes {-context.xml, Context.groovy}.
16:07:40.511 [main] INFO org.springframework.test.context.support.AnnotationConfigContextLoaderUtils - Could not detect default configuration classes for test class [com.AquariuxTechTest.Aquariux.AquariuxApplicationTests]: AquariuxApplicationTests does not declare any static, non-private, non-final, nested classes annotated with @Configuration.
16:07:40.540 [main] DEBUG org.springframework.test.context.support.ActiveProfilesUtils - Could not find an 'annotation declaring class' for annotation type [org.springframework.test.context.ActiveProfiles] and class [com.AquariuxTechTest.Aquariux.AquariuxApplicationTests]
16:07:40.542 [main] DEBUG org.springframework.test.context.BootstrapUtils - Instantiating CacheAwareContextLoaderDelegate from class [org.springframework.test.context.cache.DefaultCacheAwareContextLoaderDelegate]
16:07:40.542 [main] DEBUG org.springframework.test.context.BootstrapUtils - Instantiating BootstrapContext using constructor [public org.springframework.test.context.support.DefaultBootstrapContext(java.lang.Class,org.springframework.test.context.CacheAwareContextLoaderDelegate)]
16:07:40.543 [main] DEBUG org.springframework.test.context.BootstrapUtils - Instantiating TestContextBootstrapper for test class [com.AquariuxTechTest.Aquariux.AquariuxApplicationTests] from class [org.springframework.boot.test.context.SpringBootTestContextBootstrapper]
16:07:40.543 [main] INFO org.springframework.boot.test.context.SpringBootTestContextBootstrapper - Neither @ContextConfiguration nor @ContextHierarchy found for test class [com.AquariuxTechTest.Aquariux.AquariuxApplicationTests], using SpringBootContextLoader
16:07:40.543 [main] DEBUG org.springframework.test.context.support.AbstractContextLoader - Did not detect default resource location for test class [com.AquariuxTechTest.Aquariux.AquariuxApplicationTests]: class path resource [com/AquariuxTechTest/Aquariux/AquariuxApplicationTests-context.xml] does not exist
16:07:40.544 [main] DEBUG org.springframework.test.context.support.AbstractContextLoader - Did not detect default resource location for test class [com.AquariuxTechTest.Aquariux.AquariuxApplicationTests]: class path resource [com/AquariuxTechTest/Aquariux/AquariuxApplicationTestsContext.groovy] does not exist
16:07:40.544 [main] INFO org.springframework.test.context.support.AbstractContextLoader - Could not detect default resource locations for test class [com.AquariuxTechTest.Aquariux.AquariuxApplicationTests]: no resource found for suffixes {-context.xml, Context.groovy}.
16:07:40.544 [main] INFO org.springframework.test.context.support.AnnotationConfigContextLoaderUtils - Could not detect default configuration classes for test class [com.AquariuxTechTest.Aquariux.AquariuxApplicationTests]: AquariuxApplicationTests does not declare any static, non-private, non-final, nested classes annotated with @Configuration.
16:07:40.545 [main] DEBUG org.springframework.test.context.support.ActiveProfilesUtils - Could not find an 'annotation declaring class' for annotation type [org.springframework.test.context.ActiveProfiles] and class [com.AquariuxTechTest.Aquariux.AquariuxApplicationTests]
16:07:40.545 [main] DEBUG org.springframework.test.context.BootstrapUtils - Instantiating CacheAwareContextLoaderDelegate from class [org.springframework.test.context.cache.DefaultCacheAwareContextLoaderDelegate]
16:07:40.545 [main] DEBUG org.springframework.test.context.BootstrapUtils - Instantiating BootstrapContext using constructor [public org.springframework.test.context.support.DefaultBootstrapContext(java.lang.Class,org.springframework.test.context.CacheAwareContextLoaderDelegate)]
16:07:40.546 [main] DEBUG org.springframework.test.context.BootstrapUtils - Instantiating TestContextBootstrapper for test class [com.AquariuxTechTest.Aquariux.AquariuxApplicationTests] from class [org.springframework.boot.test.context.SpringBootTestContextBootstrapper]
16:07:40.546 [main] INFO org.springframework.boot.test.context.SpringBootTestContextBootstrapper - Neither @ContextConfiguration nor @ContextHierarchy found for test class [com.AquariuxTechTest.Aquariux.AquariuxApplicationTests], using SpringBootContextLoader
16:07:40.546 [main] DEBUG org.springframework.test.context.support.AbstractContextLoader - Did not detect default resource location for test class [com.AquariuxTechTest.Aquariux.AquariuxApplicationTests]: class path resource [com/AquariuxTechTest/Aquariux/AquariuxApplicationTests-context.xml] does not exist
16:07:40.547 [main] DEBUG org.springframework.test.context.support.AbstractContextLoader - Did not detect default resource location for test class [com.AquariuxTechTest.Aquariux.AquariuxApplicationTests]: class path resource [com/AquariuxTechTest/Aquariux/AquariuxApplicationTestsContext.groovy] does not exist
16:07:40.547 [main] INFO org.springframework.test.context.support.AbstractContextLoader - Could not detect default resource locations for test class [com.AquariuxTechTest.Aquariux.AquariuxApplicationTests]: no resource found for suffixes {-context.xml, Context.groovy}.
16:07:40.547 [main] INFO org.springframework.test.context.support.AnnotationConfigContextLoaderUtils - Could not detect default configuration classes for test class [com.AquariuxTechTest.Aquariux.AquariuxApplicationTests]: AquariuxApplicationTests does not declare any static, non-private, non-final, nested classes annotated with @Configuration.
16:07:40.548 [main] DEBUG org.springframework.test.context.support.ActiveProfilesUtils - Could not find an 'annotation declaring class' for annotation type [org.springframework.test.context.ActiveProfiles] and class [com.AquariuxTechTest.Aquariux.AquariuxApplicationTests]
]]></system-out>
  </testcase>
</testsuite>